
Status: PASSED!
Check: 1
Test: Add all ingredients
Reason: None
Timestamp: 2024-10-03 00:34:48.075015

Status: FAILED!
Check: 2
Test: Add no ingredients
Reason: Unable to find '['2.00']' in the program's output.
Enter coffee add-in or XXX to quit: Order total is $2.89
.
Error : AssertionError - Unable to find a number close enough to 2.00 (+/-0.01) in the program's output.
Timestamp: 2024-10-03 00:34:48.077275

Status: FAILED!
Check: 3
Test: Add some ingredients
Reason: Unable to find '['4.59']' in the program's output.
Enter coffee add-in or XXX to quit: Sorry we do not carry that.
Enter coffee add-in or XXX to quit: Sorry we do not carry that.
Enter coffee add-in or XXX to quit: Sorry we do not carry that.
Enter coffee add-in or XXX to quit: Order total is $3.5
.
Error : AssertionError - Unable to find a number close enough to 4.59 (+/-0.01) in the program's output.
Timestamp: 2024-10-03 00:34:48.079429

Status: PASSED!
Check: 4
Test: Checking unavailable ingredients.
Reason: None
Timestamp: 2024-10-03 00:34:48.081782
