
Status: FAILED!
Check: 1
Test: Implement `while` loops where indicated.
Reason: Unable to find '`while`' in the program. 
Expected to find at least 3 instances, but found 1.
Error : str - AssertionError
Timestamp: 2024-09-26 22:44:47.394053
