
Status: FAILED!
Check: 1
Test: Update the output statement to use the constant `YEAR`.
Reason: Unable to find '`... << " in " << YEAR << "`.' in the program.
Error : str - AssertionError
Timestamp: 2024-08-29 00:54:36.357040
