
Status: FAILED!
Check: 1
Test: Declare an integer variable named `myNewAge`.
Reason: Unable to find 'int myNewAge;' in the program.
Error : str - AssertionError
Timestamp: 2024-08-29 00:44:34.816026

Status: PASSED!
Check: 1
Test: Execute the program.
Reason: The program executed without error.None
Timestamp: 2024-08-29 00:44:34.820045
