
Status: FAILED!
Check: 1
Test: 
Reason: 
Error : RuntimeError - There was an issue compiling the cpp files.
Timestamp: 2024-10-16 23:50:24.682243

Status: FAILED!
Check: 2
Test: 
Reason: 
Error : RuntimeError - There was an issue compiling the cpp files.
Timestamp: 2024-10-16 23:50:24.682357
