
Status: FAILED!
Check: 1
Test: 
Reason: 
Error : RuntimeError - There was an issue compiling the cpp files.
Timestamp: 2024-10-16 23:06:34.849241

Status: FAILED!
Check: 2
Test: 
Reason: 
Error : RuntimeError - There was an issue compiling the cpp files.
Timestamp: 2024-10-16 23:06:34.849355
