
Status: FAILED!
Check: 1
Test: The `noDiscount()` method displays the correct message.
Reason: The `noDiscount() method did not display 'Sorry, you did not pre-register and do not qualify for a 5 percent discount.'.
Double check you have the message correct.
Error : str - AssertionError
Timestamp: 2024-10-09 21:45:46.001411
