
Status: FAILED!
Check: 1
Test: 
Reason: 
Error : RuntimeError - There was an issue compiling the cpp files.
Timestamp: 2024-10-12 00:39:23.694199

Status: FAILED!
Check: 2
Test: 
Reason: 
Error : RuntimeError - There was an issue compiling the cpp files.
Timestamp: 2024-10-12 00:39:23.694400

Status: FAILED!
Check: 3
Test: 
Reason: 
Error : RuntimeError - There was an issue compiling the cpp files.
Timestamp: 2024-10-12 00:39:23.694487
