
Status: FAILED!
Check: 1
Test: Implement a `while` loop.
Reason: Unable to find '`while`' in the program.
Error : str - AssertionError
Timestamp: 2024-09-26 00:35:28.931184
