
Status: FAILED!
Check: 1
Test: 
Reason: 
Error : RuntimeError - There was an issue compiling the cpp files.
Timestamp: 2024-10-12 02:22:39.656474

Status: FAILED!
Check: 2
Test: 
Reason: 
Error : RuntimeError - There was an issue compiling the cpp files.
Timestamp: 2024-10-12 02:22:39.656693

Status: FAILED!
Check: 3
Test: 
Reason: 
Error : RuntimeError - There was an issue compiling the cpp files.
Timestamp: 2024-10-12 02:22:39.656786
