
Status: FAILED!
Check: 1
Test: 
Reason: 
Error : RuntimeError - There was an issue compiling the cpp files.
Timestamp: 2024-10-12 02:22:39.814212

Status: FAILED!
Check: 2
Test: 
Reason: 
Error : RuntimeError - There was an issue compiling the cpp files.
Timestamp: 2024-10-12 02:22:39.814401

Status: FAILED!
Check: 3
Test: 
Reason: 
Error : RuntimeError - There was an issue compiling the cpp files.
Timestamp: 2024-10-12 02:22:39.814492
